Arguments: 
  C:\Program Files\nodejs\node.exe C:\Users\Administrator\AppData\Roaming\npm\node_modules\yarn\bin\yarn.js

PATH: 
  C:\ProgramData\Oracle\Java\javapath;D:\developer\oracle\app\oracle\product\11.2.0\server\bin;C:\ProgramData\Anaconda3;C:\ProgramData\Anaconda3\Library\mingw-w64\bin;C:\ProgramData\Anaconda3\Library\usr\bin;C:\ProgramData\Anaconda3\Library\bin;C:\ProgramData\Anaconda3\Scripts;C:\windows\system32;C:\windows;C:\windows\System32\Wbem;C:\windows\System32\WindowsPowerShell\v1.0\;C:\Program Files (x86)\Java\jdk1.8.0_91\bin;C:\Program Files (x86)\Java\jdk1.8.0_91\jir\bin;D:\resourse\meven\apache-maven-3.6.0\bin;C:\Program Files (x86)\MongoDB\Server\3.2\bin;D:\Project\flutter\bin;D:\resourse\gits\ggit\Git\mingw64\libexec\git-core;D:\resourse\gits\ggit\Git\bin;C:\Program Files\TortoiseGit\bin;C:\Program Files\Common Files\Autodesk Shared\;D:\resourse\Yarn\bin\;E:\resource\nvm;C:\Program Files\nodejs;E:\resource\Git\cmd;C:\Users\Administrator\AppData\Roaming\npm;D:\resourse\webstor\WebStorm 2019.1.4\bin;;C:\Users\Administrator\AppData\Local\Yarn\bin;E:\resource\nvm;C:\Program Files\nodejs

Yarn version: 
  1.22.4

Node version: 
  10.16.3

Platform: 
  win32 x64

Trace: 
  SyntaxError: E:\TEST\Hooks\package.json: Unexpected token ， in JSON at position 84
      at JSON.parse (<anonymous>)
      at C:\Users\Administrator\AppData\Roaming\npm\node_modules\yarn\lib\cli.js:1625:59
      at Generator.next (<anonymous>)
      at step (C:\Users\Administrator\AppData\Roaming\npm\node_modules\yarn\lib\cli.js:310:30)
      at C:\Users\Administrator\AppData\Roaming\npm\node_modules\yarn\lib\cli.js:321:13

npm manifest: 
  {
    "name": "Hooks",
    "version": "1.0.0",
    "main": "index.js",
    "license": "MIT",，
    "scripts": {
  	  "dev": "next",
  	  "build": "next build",
  	  "start": "next start"
    }
  }

yarn manifest: 
  No manifest

Lockfile: 
  No lockfile
